<?xml version="1.0" encoding="UTF-8"?>
<testsuite name="models.RectangleTest" tests="5" skipped="0" failures="0" errors="0" timestamp="2021-02-11T06:32:09" hostname="joey-HP-EliteBook-840-G3" time="0.003">
  <properties/>
  <testcase name="isSquare_whenIsNotSquare" classname="models.RectangleTest" time="0.001"/>
  <testcase name="newRectangle_getsHeight2" classname="models.RectangleTest" time="0.0"/>
  <testcase name="isSquare_allSidesEqual_true" classname="models.RectangleTest" time="0.0"/>
  <testcase name="newRectangle_getsWidth4" classname="models.RectangleTest" time="0.0"/>
  <testcase name="newRectangle_instantiatesCorrectly" classname="models.RectangleTest" time="0.0"/>
  <system-out><![CDATA[]]></system-out>
  <system-err><![CDATA[]]></system-err>
</testsuite>
